<?xml version="1.0" encoding="utf-8"?><testsuites name="pytest tests"><testsuite name="pytest" errors="0" failures="1" skipped="0" tests="25" time="5.048" timestamp="2026-05-07T06:30:19.615192+00:00" hostname="agent-env-b1ec8f22-c2b9-4372-84a1-a18d5b06f724"><testcase classname="backend.tests.backend_test.TestPublicListings" name="test_list_returns_15_seeded" time="0.176" /><testcase classname="backend.tests.backend_test.TestPublicListings" name="test_filter_by_city" time="0.222" /><testcase classname="backend.tests.backend_test.TestPublicListings" name="test_filter_by_zip" time="0.136" /><testcase classname="backend.tests.backend_test.TestPublicListings" name="test_filter_by_gender_men" time="0.198" /><testcase classname="backend.tests.backend_test.TestPublicListings" name="test_filter_by_pets" time="0.104" /><testcase classname="backend.tests.backend_test.TestPublicListings" name="test_filter_by_max_price" time="0.151" /><testcase classname="backend.tests.backend_test.TestPublicListings" name="test_search_q_newport" time="0.158" /><testcase classname="backend.tests.backend_test.TestPublicListings" name="test_get_listing_detail" time="0.271" /><testcase classname="backend.tests.backend_test.TestPublicListings" name="test_get_listing_404" time="0.102" /><testcase classname="backend.tests.backend_test.TestAuth" name="test_register_login_me_logout" time="0.323"><failure message="AssertionError: assert 'test_reg_bf2ce11e@x.com' == 'TEST_reg_bf2ce11e@x.com'&#10;  &#10;  - TEST_reg_bf2ce11e@x.com&#10;  ? ^^^^&#10;  + test_reg_bf2ce11e@x.com&#10;  ? ^^^^">backend/tests/backend_test.py:131: in test_register_login_me_logout
    assert body["email"] == email
E   AssertionError: assert 'test_reg_bf2ce11e@x.com' == 'TEST_reg_bf2ce11e@x.com'
E     
E     - TEST_reg_bf2ce11e@x.com
E     ? ^^^^
E     + test_reg_bf2ce11e@x.com
E     ? ^^^^</failure></testcase><testcase classname="backend.tests.backend_test.TestAuth" name="test_register_duplicate_400" time="0.108" /><testcase classname="backend.tests.backend_test.TestAuth" name="test_login_wrong_password" time="0.339" /><testcase classname="backend.tests.backend_test.TestAuth" name="test_manager_login_success" time="0.366" /><testcase classname="backend.tests.backend_test.TestAuth" name="test_me_unauth" time="0.153" /><testcase classname="backend.tests.backend_test.TestManagerListings" name="test_listings_mine_returns_15" time="0.047" /><testcase classname="backend.tests.backend_test.TestManagerListings" name="test_create_listing_active_with_expiry" time="0.046" /><testcase classname="backend.tests.backend_test.TestManagerListings" name="test_deactivate_then_reactivate_soft_archive" time="0.464" /><testcase classname="backend.tests.backend_test.TestManagerListings" name="test_other_user_cannot_modify" time="0.537" /><testcase classname="backend.tests.backend_test.TestManagerListings" name="test_listings_mine_unauth" time="0.096" /><testcase classname="backend.tests.backend_test.TestSecondaryEndpoints" name="test_jobs_returns_10" time="0.150" /><testcase classname="backend.tests.backend_test.TestSecondaryEndpoints" name="test_services_returns_10" time="0.099" /><testcase classname="backend.tests.backend_test.TestSecondaryEndpoints" name="test_services_filter_mental_health" time="0.193" /><testcase classname="backend.tests.backend_test.TestSecondaryEndpoints" name="test_ads_slot_filter" time="0.258" /><testcase classname="backend.tests.backend_test.TestSecondaryEndpoints" name="test_reflection_today" time="0.103" /><testcase classname="backend.tests.backend_test.TestSecondaryEndpoints" name="test_stats" time="0.122" /></testsuite></testsuites>